<?xml version="1.0" encoding="UTF-8"?>
<testng-results skipped="0" failed="1" ignored="0" total="2" passed="1">
  <reporter-output>
  </reporter-output>
  <suite name="Regression Suite" duration-ms="130496" started-at="2017-10-08T11:39:08Z" finished-at="2017-10-08T11:41:19Z">
    <groups>
      <group name="InventoryManagement">
        <method signature="ValidateUnitOfMeasure.ValidateDefineUnitofMeasureforQuantity()[pri:0, instance:com.automation.inventorymanagement.ValidateUnitOfMeasure@7748410a]" name="ValidateDefineUnitofMeasureforQuantity" class="com.automation.inventorymanagement.ValidateUnitOfMeasure"/>
        <method signature="AddProduct_Valid.AddingProduct_ValidEntry()[pri:0, instance:com.automation.inventorymanagement.AddProduct_Valid@5552768b]" name="AddingProduct_ValidEntry" class="com.automation.inventorymanagement.AddProduct_Valid"/>
      </group> <!-- InventoryManagement -->
    </groups>
    <test name="ValidateUnitOfMeasure" duration-ms="86394" started-at="2017-10-08T11:39:08Z" finished-at="2017-10-08T11:40:34Z">
      <class name="com.automation.inventorymanagement.ValidateUnitOfMeasure">
        <test-method status="PASS" signature="Initialize()[pri:0, instance:com.automation.inventorymanagement.ValidateUnitOfMeasure@7748410a]" name="Initialize" is-config="true" duration-ms="3792" started-at="2017-10-08T19:39:08Z" finished-at="2017-10-08T19:39:12Z">
          <reporter-output>
          </reporter-output>
        </test-method> <!-- Initialize -->
        <test-method status="PASS" signature="Login()[pri:0, instance:com.automation.inventorymanagement.ValidateUnitOfMeasure@7748410a]" name="Login" is-config="true" duration-ms="22971" started-at="2017-10-08T19:39:12Z" finished-at="2017-10-08T19:39:35Z">
          <reporter-output>
          </reporter-output>
        </test-method> <!-- Login -->
        <test-method status="FAIL" signature="ValidateDefineUnitofMeasureforQuantity()[pri:0, instance:com.automation.inventorymanagement.ValidateUnitOfMeasure@7748410a]" name="ValidateDefineUnitofMeasureforQuantity" duration-ms="57807" started-at="2017-10-08T19:39:35Z" finished-at="2017-10-08T19:40:33Z">
          <exception class="org.openqa.selenium.TimeoutException">
            <message>
              <![CDATA[Expected condition failed: waiting for visibility of Proxy element for: DefaultElementLocator 'By.cssSelector: #details-form' (tried for 30 second(s) with 500 MILLISECONDS interval)]]>
            </message>
            <full-stacktrace>
              <![CDATA[org.openqa.selenium.TimeoutException: Expected condition failed: waiting for visibility of Proxy element for: DefaultElementLocator 'By.cssSelector: #details-form' (tried for 30 second(s) with 500 MILLISECONDS interval)
	at org.openqa.selenium.support.ui.WebDriverWait.timeoutException(WebDriverWait.java:80)
	at org.openqa.selenium.support.ui.FluentWait.until(FluentWait.java:232)
	at com.automation.pageObjects.InventoryDetailsPage.clickEdit(InventoryDetailsPage.java:39)
	at com.automation.inventorymanagement.ValidateUnitOfMeasure.ValidateDefineUnitofMeasureforQuantity(ValidateUnitOfMeasure.java:46)
	at sun.reflect.NativeMethodAccessorImpl.invoke0(Native Method)
	at sun.reflect.NativeMethodAccessorImpl.invoke(Unknown Source)
	at sun.reflect.DelegatingMethodAccessorImpl.invoke(Unknown Source)
	at java.lang.reflect.Method.invoke(Unknown Source)
	at org.testng.internal.MethodInvocationHelper.invokeMethod(MethodInvocationHelper.java:108)
	at org.testng.internal.Invoker.invokeMethod(Invoker.java:669)
	at org.testng.internal.Invoker.invokeTestMethod(Invoker.java:877)
	at org.testng.internal.Invoker.invokeTestMethods(Invoker.java:1201)
	at org.testng.internal.TestMethodWorker.invokeTestMethods(TestMethodWorker.java:125)
	at org.testng.internal.TestMethodWorker.run(TestMethodWorker.java:109)
	at org.testng.TestRunner.privateRun(TestRunner.java:776)
	at org.testng.TestRunner.run(TestRunner.java:634)
	at org.testng.SuiteRunner.runTest(SuiteRunner.java:425)
	at org.testng.SuiteRunner.runSequentially(SuiteRunner.java:420)
	at org.testng.SuiteRunner.privateRun(SuiteRunner.java:385)
	at org.testng.SuiteRunner.run(SuiteRunner.java:334)
	at org.testng.SuiteRunnerWorker.runSuite(SuiteRunnerWorker.java:52)
	at org.testng.SuiteRunnerWorker.run(SuiteRunnerWorker.java:86)
	at org.testng.TestNG.runSuitesSequentially(TestNG.java:1318)
	at org.testng.TestNG.runSuitesLocally(TestNG.java:1243)
	at org.testng.TestNG.runSuites(TestNG.java:1161)
	at org.testng.TestNG.run(TestNG.java:1129)
	at org.testng.remote.AbstractRemoteTestNG.run(AbstractRemoteTestNG.java:114)
	at org.testng.remote.RemoteTestNG.initAndRun(RemoteTestNG.java:251)
	at org.testng.remote.RemoteTestNG.main(RemoteTestNG.java:77)
Caused by: org.openqa.selenium.NoSuchElementException: no such element: Unable to locate element: {"method":"css selector","selector":"#details-form"}
  (Session info: chrome=61.0.3163.100)
  (Driver info: chromedriver=2.29.461591 (62ebf098771772160f391d75e589dc567915b233),platform=Windows NT 10.0.15063 x86_64) (WARNING: The server did not provide any stacktrace information)
Command duration or timeout: 10.04 seconds
For documentation on this error, please visit: http://seleniumhq.org/exceptions/no_such_element.html
Build info: version: '3.4.0', revision: 'unknown', time: 'unknown'
System info: host: 'JAKE', ip: '192.168.1.3', os.name: 'Windows 10', os.arch: 'amd64', os.version: '10.0', java.version: '1.8.0_144'
Driver info: org.openqa.selenium.chrome.ChromeDriver
Capabilities [{applicationCacheEnabled=false, rotatable=false, mobileEmulationEnabled=false, networkConnectionEnabled=false, chrome={chromedriverVersion=2.29.461591 (62ebf098771772160f391d75e589dc567915b233), userDataDir=C:\Users\Jake\AppData\Local\Temp\scoped_dir8636_25787}, takesHeapSnapshot=true, pageLoadStrategy=normal, databaseEnabled=false, handlesAlerts=true, hasTouchScreen=false, version=61.0.3163.100, platform=XP, browserConnectionEnabled=false, nativeEvents=true, acceptSslCerts=true, locationContextEnabled=true, webStorageEnabled=true, browserName=chrome, takesScreenshot=true, javascriptEnabled=true, cssSelectorsEnabled=true, unexpectedAlertBehaviour=}]
Session ID: 2c8d9de95ffdaa0658f02d1bda3bfa63
*** Element info: {Using=css selector, value=#details-form}
	at sun.reflect.NativeConstructorAccessorImpl.newInstance0(Native Method)
	at sun.reflect.NativeConstructorAccessorImpl.newInstance(Unknown Source)
	at sun.reflect.DelegatingConstructorAccessorImpl.newInstance(Unknown Source)
	at java.lang.reflect.Constructor.newInstance(Unknown Source)
	at org.openqa.selenium.remote.ErrorHandler.createThrowable(ErrorHandler.java:215)
	at org.openqa.selenium.remote.ErrorHandler.throwIfResponseFailed(ErrorHandler.java:167)
	at org.openqa.selenium.remote.RemoteWebDriver.execute(RemoteWebDriver.java:671)
	at org.openqa.selenium.remote.RemoteWebDriver.findElement(RemoteWebDriver.java:410)
	at org.openqa.selenium.remote.RemoteWebDriver.findElementByCssSelector(RemoteWebDriver.java:501)
	at org.openqa.selenium.By$ByCssSelector.findElement(By.java:430)
	at org.openqa.selenium.remote.RemoteWebDriver.findElement(RemoteWebDriver.java:402)
	at org.openqa.selenium.support.pagefactory.DefaultElementLocator.findElement(DefaultElementLocator.java:69)
	at org.openqa.selenium.support.pagefactory.internal.LocatingElementHandler.invoke(LocatingElementHandler.java:38)
	at com.sun.proxy.$Proxy28.isDisplayed(Unknown Source)
	at org.openqa.selenium.support.ui.ExpectedConditions.elementIfVisible(ExpectedConditions.java:302)
	at org.openqa.selenium.support.ui.ExpectedConditions.access$100(ExpectedConditions.java:44)
	at org.openqa.selenium.support.ui.ExpectedConditions$10.apply(ExpectedConditions.java:288)
	at org.openqa.selenium.support.ui.ExpectedConditions$10.apply(ExpectedConditions.java:285)
	at org.openqa.selenium.support.ui.FluentWait.until(FluentWait.java:209)
	... 27 more
]]>
            </full-stacktrace>
          </exception> <!-- org.openqa.selenium.TimeoutException -->
          <reporter-output>
          </reporter-output>
        </test-method> <!-- ValidateDefineUnitofMeasureforQuantity -->
        <test-method status="PASS" signature="deleteCookies()[pri:0, instance:com.automation.inventorymanagement.ValidateUnitOfMeasure@7748410a]" name="deleteCookies" is-config="true" duration-ms="30" started-at="2017-10-08T19:40:33Z" finished-at="2017-10-08T19:40:33Z">
          <reporter-output>
          </reporter-output>
        </test-method> <!-- deleteCookies -->
        <test-method status="PASS" signature="tearDown()[pri:0, instance:com.automation.inventorymanagement.ValidateUnitOfMeasure@7748410a]" name="tearDown" is-config="true" duration-ms="1388" started-at="2017-10-08T19:40:33Z" finished-at="2017-10-08T19:40:34Z">
          <reporter-output>
          </reporter-output>
        </test-method> <!-- tearDown -->
      </class> <!-- com.automation.inventorymanagement.ValidateUnitOfMeasure -->
    </test> <!-- ValidateUnitOfMeasure -->
    <test name="AddProduct" duration-ms="44061" started-at="2017-10-08T11:40:34Z" finished-at="2017-10-08T11:41:19Z">
      <class name="com.automation.inventorymanagement.AddProduct_Valid">
        <test-method status="PASS" signature="Initialize()[pri:0, instance:com.automation.inventorymanagement.AddProduct_Valid@5552768b]" name="Initialize" is-config="true" duration-ms="3092" started-at="2017-10-08T19:40:34Z" finished-at="2017-10-08T19:40:38Z">
          <reporter-output>
          </reporter-output>
        </test-method> <!-- Initialize -->
        <test-method status="PASS" signature="Login()[pri:0, instance:com.automation.inventorymanagement.AddProduct_Valid@5552768b]" name="Login" is-config="true" duration-ms="19821" started-at="2017-10-08T19:40:38Z" finished-at="2017-10-08T19:40:57Z">
          <reporter-output>
          </reporter-output>
        </test-method> <!-- Login -->
        <test-method status="PASS" signature="AddingProduct_ValidEntry()[pri:0, instance:com.automation.inventorymanagement.AddProduct_Valid@5552768b]" name="AddingProduct_ValidEntry" duration-ms="19913" started-at="2017-10-08T19:40:57Z" finished-at="2017-10-08T19:41:17Z">
          <reporter-output>
          </reporter-output>
        </test-method> <!-- AddingProduct_ValidEntry -->
        <test-method status="PASS" signature="deletecookies()[pri:0, instance:com.automation.inventorymanagement.AddProduct_Valid@5552768b]" name="deletecookies" is-config="true" duration-ms="39" started-at="2017-10-08T19:41:18Z" finished-at="2017-10-08T19:41:18Z">
          <reporter-output>
          </reporter-output>
        </test-method> <!-- deletecookies -->
        <test-method status="PASS" signature="tearDown()[pri:0, instance:com.automation.inventorymanagement.AddProduct_Valid@5552768b]" name="tearDown" is-config="true" duration-ms="796" started-at="2017-10-08T19:41:18Z" finished-at="2017-10-08T19:41:19Z">
          <reporter-output>
          </reporter-output>
        </test-method> <!-- tearDown -->
        <test-method status="PASS" signature="Openreport()[pri:0, instance:com.automation.inventorymanagement.AddProduct_Valid@5552768b]" name="Openreport" is-config="true" duration-ms="4679" started-at="2017-10-08T19:41:19Z" finished-at="2017-10-08T19:41:23Z">
          <reporter-output>
          </reporter-output>
        </test-method> <!-- Openreport -->
      </class> <!-- com.automation.inventorymanagement.AddProduct_Valid -->
    </test> <!-- AddProduct -->
  </suite> <!-- Regression Suite -->
</testng-results>
